<?xml version="1.0" encoding="UTF-8"?>
<testsuite name="TestNamedArguments" tests="1" skipped="0" failures="0" errors="0" timestamp="2020-07-22T00:17:14" hostname="DESKTOP-A0DQJI8" time="0.046">
  <properties/>
  <testcase name="testJoinToString" classname="TestNamedArguments" time="0.046"/>
  <system-out><![CDATA[]]></system-out>
  <system-err><![CDATA[]]></system-err>
</testsuite>
