<?xml version="1.0" encoding="UTF-8"?>
<testsuite name="Test" tests="1" skipped="0" failures="0" errors="0" timestamp="2020-07-22T17:54:37" hostname="DESKTOP-A0DQJI8" time="0.072">
  <properties/>
  <testcase name="testSolution" classname="Test" time="0.072"/>
  <system-out><![CDATA[]]></system-out>
  <system-err><![CDATA[]]></system-err>
</testsuite>
