<?xml version="1.0" encoding="UTF-8"?>
<testsuite name="TestStart" tests="1" skipped="0" failures="0" errors="0" timestamp="2020-07-21T23:53:16" hostname="DESKTOP-A0DQJI8" time="0.02">
  <properties/>
  <testcase name="testOk" classname="TestStart" time="0.02"/>
  <system-out><![CDATA[]]></system-out>
  <system-err><![CDATA[]]></system-err>
</testsuite>
