<?xml version="1.0" encoding="UTF-8"?>
<testsuite name="TestLambdas" tests="2" skipped="0" failures="0" errors="0" timestamp="2020-07-22T17:41:40" hostname="DESKTOP-A0DQJI8" time="0.028">
  <properties/>
  <testcase name="contains" classname="TestLambdas" time="0.027"/>
  <testcase name="notContains" classname="TestLambdas" time="0.001"/>
  <system-out><![CDATA[]]></system-out>
  <system-err><![CDATA[]]></system-err>
</testsuite>
